# JRE version: OpenJDK Runtime Environment Temurin-17.0.6+10 (17.0.6+10) (build 17.0.6+10)
# Java VM: OpenJDK 64-Bit Server VM Temurin-17.0.6+10 (17.0.6+10, mixed mode, emulated-client, tiered, compressed oops, compressed class ptrs, g1 gc, windows-amd64)
GC Precious Log:
 CPUs: 4 total, 4 available
 Memory: 16265M
 Large Page Support: Disabled
 NUMA Support: Disabled
 Compressed Oops: Enabled (32-bit)
 Heap Region Size: 1M
 Heap Min Capacity: 8M
 Heap Initial Capacity: 256M
 Heap Max Capacity: 1G
 Pre-touch: Disabled
 Parallel Workers: 4
 Concurrent Workers: 1
 Concurrent Refinement Workers: 4
 Periodic GC: Disabled
Heap:
 garbage-first heap   total 133120K, used 38863K [0x00000000c0000000, 0x0000000100000000)
  region size 1024K, 1 young (1024K), 0 survivors (0K)
 Metaspace       used 71195K, committed 72256K, reserved 1114112K
  class space    used 9740K, committed 10176K, reserved 1048576K
GC Heap History (20 events):
Event: 4554.382 GC heap before
{Heap before GC invocations=155 (full 115):
 garbage-first heap   total 133120K, used 38863K [0x00000000c0000000, 0x0000000100000000)
  region size 1024K, 1 young (1024K), 0 survivors (0K)
 Metaspace       used 71195K, committed 72256K, reserved 1114112K
  class space    used 9740K, committed 10176K, reserved 1048576K
}
Event: 4554.458 GC heap after
{Heap after GC invocations=156 (full 116):
 garbage-first heap   total 133120K, used 38863K [0x00000000c0000000, 0x0000000100000000)
  region size 1024K, 0 young (0K), 0 survivors (0K)
 Metaspace       used 71195K, committed 72256K, reserved 1114112K
  class space    used 9740K, committed 10176K, reserved 1048576K
}
Event: 4564.888 GC heap before
{Heap before GC invocations=156 (full 116):
 garbage-first heap   total 133120K, used 38863K [0x00000000c0000000, 0x0000000100000000)
  region size 1024K, 1 young (1024K), 0 survivors (0K)
 Metaspace       used 71195K, committed 72256K, reserved 1114112K
  class space    used 9740K, committed 10176K, reserved 1048576K
}
Event: 4564.959 GC heap after
{Heap after GC invocations=157 (full 117):
 garbage-first heap   total 133120K, used 38863K [0x00000000c0000000, 0x0000000100000000)
  region size 1024K, 0 young (0K), 0 survivors (0K)
 Metaspace       used 71195K, committed 72256K, reserved 1114112K
  class space    used 9740K, committed 10176K, reserved 1048576K
}
Event: 4575.404 GC heap before
{Heap before GC invocations=157 (full 117):
 garbage-first heap   total 133120K, used 38863K [0x00000000c0000000, 0x0000000100000000)
  region size 1024K, 1 young (1024K), 0 survivors (0K)
 Metaspace       used 71195K, committed 72256K, reserved 1114112K
  class space    used 9740K, committed 10176K, reserved 1048576K
}
Event: 4575.549 GC heap after
{Heap after GC invocations=158 (full 118):
 garbage-first heap   total 133120K, used 38863K [0x00000000c0000000, 0x0000000100000000)
  region size 1024K, 0 young (0K), 0 survivors (0K)
 Metaspace       used 71195K, committed 72256K, reserved 1114112K
  class space    used 9740K, committed 10176K, reserved 1048576K
}
Event: 4585.917 GC heap before
{Heap before GC invocations=158 (full 118):
 garbage-first heap   total 133120K, used 38863K [0x00000000c0000000, 0x0000000100000000)
  region size 1024K, 1 young (1024K), 0 survivors (0K)
 Metaspace       used 71195K, committed 72256K, reserved 1114112K
  class space    used 9740K, committed 10176K, reserved 1048576K
}
Event: 4585.982 GC heap after
{Heap after GC invocations=159 (full 119):
 garbage-first heap   total 133120K, used 38863K [0x00000000c0000000, 0x0000000100000000)
  region size 1024K, 0 young (0K), 0 survivors (0K)
 Metaspace       used 71195K, committed 72256K, reserved 1114112K
  class space    used 9740K, committed 10176K, reserved 1048576K
}
Event: 4596.347 GC heap before
{Heap before GC invocations=159 (full 119):
 garbage-first heap   total 133120K, used 38863K [0x00000000c0000000, 0x0000000100000000)
  region size 1024K, 1 young (1024K), 0 survivors (0K)
 Metaspace       used 71195K, committed 72256K, reserved 1114112K
  class space    used 9740K, committed 10176K, reserved 1048576K
}
Event: 4596.419 GC heap after
{Heap after GC invocations=160 (full 120):
 garbage-first heap   total 133120K, used 38863K [0x00000000c0000000, 0x0000000100000000)
  region size 1024K, 0 young (0K), 0 survivors (0K)
 Metaspace       used 71195K, committed 72256K, reserved 1114112K
  class space    used 9740K, committed 10176K, reserved 1048576K
}
Event: 4606.656 GC heap before
{Heap before GC invocations=160 (full 120):
 garbage-first heap   total 133120K, used 38863K [0x00000000c0000000, 0x0000000100000000)
  region size 1024K, 1 young (1024K), 0 survivors (0K)
 Metaspace       used 71195K, committed 72256K, reserved 1114112K
  class space    used 9740K, committed 10176K, reserved 1048576K
}
Event: 4606.735 GC heap after
{Heap after GC invocations=161 (full 121):
 garbage-first heap   total 133120K, used 38863K [0x00000000c0000000, 0x0000000100000000)
  region size 1024K, 0 young (0K), 0 survivors (0K)
 Metaspace       used 71195K, committed 72256K, reserved 1114112K
  class space    used 9740K, committed 10176K, reserved 1048576K
}
Event: 4617.145 GC heap before
{Heap before GC invocations=161 (full 121):
 garbage-first heap   total 133120K, used 38863K [0x00000000c0000000, 0x0000000100000000)
  region size 1024K, 1 young (1024K), 0 survivors (0K)
 Metaspace       used 71195K, committed 72256K, reserved 1114112K
  class space    used 9740K, committed 10176K, reserved 1048576K
}
Event: 4617.217 GC heap after
{Heap after GC invocations=162 (full 122):
 garbage-first heap   total 133120K, used 38863K [0x00000000c0000000, 0x0000000100000000)
  region size 1024K, 0 young (0K), 0 survivors (0K)
 Metaspace       used 71195K, committed 72256K, reserved 1114112K
  class space    used 9740K, committed 10176K, reserved 1048576K
}
Event: 4627.557 GC heap before
{Heap before GC invocations=162 (full 122):
 garbage-first heap   total 133120K, used 38863K [0x00000000c0000000, 0x0000000100000000)
  region size 1024K, 1 young (1024K), 0 survivors (0K)
 Metaspace       used 71195K, committed 72256K, reserved 1114112K
  class space    used 9740K, committed 10176K, reserved 1048576K
}
Event: 4627.635 GC heap after
{Heap after GC invocations=163 (full 123):
 garbage-first heap   total 133120K, used 38863K [0x00000000c0000000, 0x0000000100000000)
  region size 1024K, 0 young (0K), 0 survivors (0K)
 Metaspace       used 71195K, committed 72256K, reserved 1114112K
  class space    used 9740K, committed 10176K, reserved 1048576K
}
Event: 4637.918 GC heap before
{Heap before GC invocations=163 (full 123):
 garbage-first heap   total 133120K, used 38863K [0x00000000c0000000, 0x0000000100000000)
  region size 1024K, 1 young (1024K), 0 survivors (0K)
 Metaspace       used 71195K, committed 72256K, reserved 1114112K
  class space    used 9740K, committed 10176K, reserved 1048576K
}
Event: 4638.009 GC heap after
{Heap after GC invocations=164 (full 124):
 garbage-first heap   total 133120K, used 38863K [0x00000000c0000000, 0x0000000100000000)
  region size 1024K, 0 young (0K), 0 survivors (0K)
 Metaspace       used 71195K, committed 72256K, reserved 1114112K
  class space    used 9740K, committed 10176K, reserved 1048576K
}
Event: 4648.385 GC heap before
{Heap before GC invocations=164 (full 124):
 garbage-first heap   total 133120K, used 38863K [0x00000000c0000000, 0x0000000100000000)
  region size 1024K, 1 young (1024K), 0 survivors (0K)
 Metaspace       used 71195K, committed 72256K, reserved 1114112K
  class space    used 9740K, committed 10176K, reserved 1048576K
}
Event: 4648.457 GC heap after
{Heap after GC invocations=165 (full 125):
 garbage-first heap   total 133120K, used 38863K [0x00000000c0000000, 0x0000000100000000)
  region size 1024K, 0 young (0K), 0 survivors (0K)
 Metaspace       used 71195K, committed 72256K, reserved 1114112K
  class space    used 9740K, committed 10176K, reserved 1048576K
}

